0 info it worked if it ends with ok
1 verbose cli [ 'C:\\Program Files\\nodejs\\\\node.exe',
1 verbose cli   'C:\\Program Files\\nodejs\\node_modules\\npm\\bin\\npm-cli.js',
1 verbose cli   'install',
1 verbose cli   '-g',
1 verbose cli   'n',
1 verbose cli   'stable' ]
2 info using npm@1.3.17
3 info using node@v0.10.23
4 verbose node symlink C:\Program Files\nodejs\\node.exe
5 verbose cache add [ 'n', null ]
6 verbose cache add name=undefined spec="n" args=["n",null]
7 verbose parsed url { protocol: null,
7 verbose parsed url   slashes: null,
7 verbose parsed url   auth: null,
7 verbose parsed url   host: null,
7 verbose parsed url   port: null,
7 verbose parsed url   hostname: null,
7 verbose parsed url   hash: null,
7 verbose parsed url   search: null,
7 verbose parsed url   query: null,
7 verbose parsed url   pathname: 'n',
7 verbose parsed url   path: 'n',
7 verbose parsed url   href: 'n' }
8 verbose cache add [ 'stable', null ]
9 verbose cache add name=undefined spec="stable" args=["stable",null]
10 verbose parsed url { protocol: null,
10 verbose parsed url   slashes: null,
10 verbose parsed url   auth: null,
10 verbose parsed url   host: null,
10 verbose parsed url   port: null,
10 verbose parsed url   hostname: null,
10 verbose parsed url   hash: null,
10 verbose parsed url   search: null,
10 verbose parsed url   query: null,
10 verbose parsed url   pathname: 'stable',
10 verbose parsed url   path: 'stable',
10 verbose parsed url   href: 'stable' }
11 silly lockFile d1854cae-n n
12 verbose lock n C:\Users\vikas\AppData\Roaming\npm-cache\d1854cae-n.lock
13 silly lockFile 4fbacc2f-stable stable
14 verbose lock stable C:\Users\vikas\AppData\Roaming\npm-cache\4fbacc2f-stable.lock
15 silly lockFile d1854cae-n n
16 silly lockFile d1854cae-n n
17 silly lockFile 4fbacc2f-stable stable
18 silly lockFile 4fbacc2f-stable stable
19 verbose addNamed [ 'stable', '' ]
20 verbose addNamed [ null, '*' ]
21 silly lockFile 026aa5b0-stable stable@
22 verbose lock stable@ C:\Users\vikas\AppData\Roaming\npm-cache\026aa5b0-stable.lock
23 verbose addNamed [ 'n', '' ]
24 verbose addNamed [ null, '*' ]
25 silly lockFile 6b58d7dc-n n@
26 verbose lock n@ C:\Users\vikas\AppData\Roaming\npm-cache\6b58d7dc-n.lock
27 silly addNameRange { name: 'stable', range: '*', hasData: false }
28 silly addNameRange { name: 'n', range: '*', hasData: false }
29 verbose url raw stable
30 verbose url resolving [ 'https://registry.npmjs.org/', './stable' ]
31 verbose url resolved https://registry.npmjs.org/stable
32 info trying registry request attempt 1 at 22:01:51
33 http GET https://registry.npmjs.org/stable
34 verbose url raw n
35 verbose url resolving [ 'https://registry.npmjs.org/', './n' ]
36 verbose url resolved https://registry.npmjs.org/n
37 info trying registry request attempt 1 at 22:01:51
38 verbose etag "C1OG92FR9XV1HKQA9YD4H3EAR"
39 http GET https://registry.npmjs.org/n
40 http 200 https://registry.npmjs.org/stable
41 silly registry.get cb [ 200,
41 silly registry.get   { server: 'CouchDB/1.5.0 (Erlang OTP/R16B03)',
41 silly registry.get     etag: '"AITLN1855CMZJB42B7GAXWJ5"',
41 silly registry.get     'content-type': 'application/json',
41 silly registry.get     'cache-control': 'max-age=60',
41 silly registry.get     'content-length': '8783',
41 silly registry.get     'accept-ranges': 'bytes',
41 silly registry.get     date: 'Thu, 17 Sep 2015 16:31:53 GMT',
41 silly registry.get     via: '1.1 varnish',
41 silly registry.get     age: '59',
41 silly registry.get     connection: 'keep-alive',
41 silly registry.get     'x-served-by': 'cache-fra1235-FRA',
41 silly registry.get     'x-cache': 'HIT',
41 silly registry.get     'x-cache-hits': '1',
41 silly registry.get     'x-timer': 'S1442507513.622828,VS0,VE0',
41 silly registry.get     vary: 'Accept' } ]
42 silly addNameRange number 2 { name: 'stable', range: '*', hasData: true }
43 silly addNameRange versions [ 'stable',
43 silly addNameRange   [ '0.1.0', '0.1.1', '0.1.2', '0.1.3', '0.1.4', '0.1.5' ] ]
44 verbose addNamed [ 'stable', '0.1.5' ]
45 verbose addNamed [ '0.1.5', '0.1.5' ]
46 silly lockFile 2b1b203e-stable-0-1-5 stable@0.1.5
47 verbose lock stable@0.1.5 C:\Users\vikas\AppData\Roaming\npm-cache\2b1b203e-stable-0-1-5.lock
48 silly lockFile a2bd221b-pmjs-org-stable-stable-0-1-5-tgz https://registry.npmjs.org/stable/-/stable-0.1.5.tgz
49 verbose lock https://registry.npmjs.org/stable/-/stable-0.1.5.tgz C:\Users\vikas\AppData\Roaming\npm-cache\a2bd221b-pmjs-org-stable-stable-0-1-5-tgz.lock
50 verbose addRemoteTarball [ 'https://registry.npmjs.org/stable/-/stable-0.1.5.tgz',
50 verbose addRemoteTarball   '08232f60c732e9890784b5bed0734f8b32a887b9' ]
51 info retry fetch attempt 1 at 22:01:53
52 verbose fetch to= C:\Users\vikas\AppData\Local\Temp\npm-176-YCv_Btd3\1442507513190-0.3700015274807811\tmp.tgz
53 http GET https://registry.npmjs.org/stable/-/stable-0.1.5.tgz
54 http 304 https://registry.npmjs.org/n
55 silly registry.get cb [ 304,
55 silly registry.get   { date: 'Thu, 17 Sep 2015 16:31:54 GMT',
55 silly registry.get     via: '1.1 varnish',
55 silly registry.get     'cache-control': 'max-age=60',
55 silly registry.get     etag: '"C1OG92FR9XV1HKQA9YD4H3EAR"',
55 silly registry.get     age: '0',
55 silly registry.get     connection: 'keep-alive',
55 silly registry.get     'x-served-by': 'cache-fra1239-FRA',
55 silly registry.get     'x-cache': 'HIT',
55 silly registry.get     'x-cache-hits': '1',
55 silly registry.get     'x-timer': 'S1442507514.154189,VS0,VE741',
55 silly registry.get     vary: 'Accept' } ]
56 verbose etag n from cache
57 silly addNameRange number 2 { name: 'n', range: '*', hasData: true }
58 silly addNameRange versions [ 'n',
58 silly addNameRange   [ '0.0.1',
58 silly addNameRange     '0.0.2',
58 silly addNameRange     '0.0.3',
58 silly addNameRange     '0.0.4',
58 silly addNameRange     '0.1.0',
58 silly addNameRange     '0.1.1',
58 silly addNameRange     '0.1.2',
58 silly addNameRange     '0.2.0',
58 silly addNameRange     '0.2.1',
58 silly addNameRange     '0.2.2',
58 silly addNameRange     '0.3.0',
58 silly addNameRange     '0.4.0',
58 silly addNameRange     '0.4.1',
58 silly addNameRange     '0.4.2',
58 silly addNameRange     '0.5.0',
58 silly addNameRange     '0.5.1',
58 silly addNameRange     '0.5.2',
58 silly addNameRange     '0.5.3',
58 silly addNameRange     '0.5.4',
58 silly addNameRange     '0.6.0',
58 silly addNameRange     '0.6.1',
58 silly addNameRange     '0.7.0',
58 silly addNameRange     '0.7.1',
58 silly addNameRange     '0.7.2',
58 silly addNameRange     '0.7.3',
58 silly addNameRange     '0.8.0',
58 silly addNameRange     '0.8.1',
58 silly addNameRange     '0.8.2',
58 silly addNameRange     '0.9.0',
58 silly addNameRange     '0.9.1',
58 silly addNameRange     '0.9.2',
58 silly addNameRange     '0.9.3',
58 silly addNameRange     '1.0.0',
58 silly addNameRange     '1.1.0',
58 silly addNameRange     '1.2.1',
58 silly addNameRange     '1.2.2',
58 silly addNameRange     '1.2.3',
58 silly addNameRange     '1.2.4',
58 silly addNameRange     '1.2.5',
58 silly addNameRange     '1.2.6',
58 silly addNameRange     '1.2.7',
58 silly addNameRange     '1.2.8',
58 silly addNameRange     '1.2.9',
58 silly addNameRange     '1.2.11',
58 silly addNameRange     '1.2.13',
58 silly addNameRange     '1.2.14',
58 silly addNameRange     '1.3.0',
58 silly addNameRange     '1.4.0',
58 silly addNameRange     '2.0.0',
58 silly addNameRange     '1.4.1',
58 silly addNameRange     '2.0.1',
58 silly addNameRange     '1.4.2',
58 silly addNameRange     '2.0.2' ] ]
59 verbose addNamed [ 'n', '2.0.2' ]
60 verbose addNamed [ '2.0.2', '2.0.2' ]
61 silly lockFile ed42822e-n-2-0-2 n@2.0.2
62 verbose lock n@2.0.2 C:\Users\vikas\AppData\Roaming\npm-cache\ed42822e-n-2-0-2.lock
63 silly lockFile ed42822e-n-2-0-2 n@2.0.2
64 silly lockFile ed42822e-n-2-0-2 n@2.0.2
65 silly lockFile 6b58d7dc-n n@
66 silly lockFile 6b58d7dc-n n@
67 http 200 https://registry.npmjs.org/stable/-/stable-0.1.5.tgz
68 verbose tar unpack C:\Users\vikas\AppData\Local\Temp\npm-176-YCv_Btd3\1442507513190-0.3700015274807811\tmp.tgz
69 silly lockFile c8bf296e-13190-0-3700015274807811-package tar://C:\Users\vikas\AppData\Local\Temp\npm-176-YCv_Btd3\1442507513190-0.3700015274807811\package
70 verbose lock tar://C:\Users\vikas\AppData\Local\Temp\npm-176-YCv_Btd3\1442507513190-0.3700015274807811\package C:\Users\vikas\AppData\Roaming\npm-cache\c8bf296e-13190-0-3700015274807811-package.lock
71 silly lockFile 327d2a87-13190-0-3700015274807811-tmp-tgz tar://C:\Users\vikas\AppData\Local\Temp\npm-176-YCv_Btd3\1442507513190-0.3700015274807811\tmp.tgz
72 verbose lock tar://C:\Users\vikas\AppData\Local\Temp\npm-176-YCv_Btd3\1442507513190-0.3700015274807811\tmp.tgz C:\Users\vikas\AppData\Roaming\npm-cache\327d2a87-13190-0-3700015274807811-tmp-tgz.lock
73 silly gunzTarPerm modes [ '755', '644' ]
74 silly gunzTarPerm extractEntry package.json
75 silly gunzTarPerm extractEntry .npmignore
76 silly gunzTarPerm extractEntry README.md
77 silly gunzTarPerm extractEntry stable.js
78 silly gunzTarPerm extractEntry test.js
79 silly gunzTarPerm extractEntry .travis.yml
80 silly gunzTarPerm extractEntry bower.json
81 silly lockFile c8bf296e-13190-0-3700015274807811-package tar://C:\Users\vikas\AppData\Local\Temp\npm-176-YCv_Btd3\1442507513190-0.3700015274807811\package
82 silly lockFile c8bf296e-13190-0-3700015274807811-package tar://C:\Users\vikas\AppData\Local\Temp\npm-176-YCv_Btd3\1442507513190-0.3700015274807811\package
83 silly lockFile 327d2a87-13190-0-3700015274807811-tmp-tgz tar://C:\Users\vikas\AppData\Local\Temp\npm-176-YCv_Btd3\1442507513190-0.3700015274807811\tmp.tgz
84 silly lockFile 327d2a87-13190-0-3700015274807811-tmp-tgz tar://C:\Users\vikas\AppData\Local\Temp\npm-176-YCv_Btd3\1442507513190-0.3700015274807811\tmp.tgz
85 verbose tar pack [ 'C:\\Users\\vikas\\AppData\\Roaming\\npm-cache\\stable\\0.1.5\\package.tgz',
85 verbose tar pack   'C:\\Users\\vikas\\AppData\\Local\\Temp\\npm-176-YCv_Btd3\\1442507513190-0.3700015274807811\\package' ]
86 verbose tarball C:\Users\vikas\AppData\Roaming\npm-cache\stable\0.1.5\package.tgz
87 verbose folder C:\Users\vikas\AppData\Local\Temp\npm-176-YCv_Btd3\1442507513190-0.3700015274807811\package
88 silly lockFile c8bf296e-13190-0-3700015274807811-package tar://C:\Users\vikas\AppData\Local\Temp\npm-176-YCv_Btd3\1442507513190-0.3700015274807811\package
89 verbose lock tar://C:\Users\vikas\AppData\Local\Temp\npm-176-YCv_Btd3\1442507513190-0.3700015274807811\package C:\Users\vikas\AppData\Roaming\npm-cache\c8bf296e-13190-0-3700015274807811-package.lock
90 silly lockFile 514cefed-m-cache-stable-0-1-5-package-tgz tar://C:\Users\vikas\AppData\Roaming\npm-cache\stable\0.1.5\package.tgz
91 verbose lock tar://C:\Users\vikas\AppData\Roaming\npm-cache\stable\0.1.5\package.tgz C:\Users\vikas\AppData\Roaming\npm-cache\514cefed-m-cache-stable-0-1-5-package-tgz.lock
92 silly lockFile c8bf296e-13190-0-3700015274807811-package tar://C:\Users\vikas\AppData\Local\Temp\npm-176-YCv_Btd3\1442507513190-0.3700015274807811\package
93 silly lockFile c8bf296e-13190-0-3700015274807811-package tar://C:\Users\vikas\AppData\Local\Temp\npm-176-YCv_Btd3\1442507513190-0.3700015274807811\package
94 silly lockFile 514cefed-m-cache-stable-0-1-5-package-tgz tar://C:\Users\vikas\AppData\Roaming\npm-cache\stable\0.1.5\package.tgz
95 silly lockFile 514cefed-m-cache-stable-0-1-5-package-tgz tar://C:\Users\vikas\AppData\Roaming\npm-cache\stable\0.1.5\package.tgz
96 silly lockFile c6185407-g-npm-cache-stable-0-1-5-package C:\Users\vikas\AppData\Roaming\npm-cache\stable\0.1.5\package
97 verbose lock C:\Users\vikas\AppData\Roaming\npm-cache\stable\0.1.5\package C:\Users\vikas\AppData\Roaming\npm-cache\c6185407-g-npm-cache-stable-0-1-5-package.lock
98 silly lockFile c6185407-g-npm-cache-stable-0-1-5-package C:\Users\vikas\AppData\Roaming\npm-cache\stable\0.1.5\package
99 silly lockFile c6185407-g-npm-cache-stable-0-1-5-package C:\Users\vikas\AppData\Roaming\npm-cache\stable\0.1.5\package
100 verbose tar unpack C:\Users\vikas\AppData\Roaming\npm-cache\stable\0.1.5\package.tgz
101 silly lockFile e6dd351f-g-npm-cache-stable-0-1-5-package tar://C:\Users\vikas\AppData\Roaming\npm-cache\stable\0.1.5\package
102 verbose lock tar://C:\Users\vikas\AppData\Roaming\npm-cache\stable\0.1.5\package C:\Users\vikas\AppData\Roaming\npm-cache\e6dd351f-g-npm-cache-stable-0-1-5-package.lock
103 silly lockFile 514cefed-m-cache-stable-0-1-5-package-tgz tar://C:\Users\vikas\AppData\Roaming\npm-cache\stable\0.1.5\package.tgz
104 verbose lock tar://C:\Users\vikas\AppData\Roaming\npm-cache\stable\0.1.5\package.tgz C:\Users\vikas\AppData\Roaming\npm-cache\514cefed-m-cache-stable-0-1-5-package-tgz.lock
105 silly gunzTarPerm modes [ '755', '644' ]
106 silly gunzTarPerm extractEntry package.json
107 silly gunzTarPerm modified mode [ 'package.json', 438, 420 ]
108 silly gunzTarPerm extractEntry .npmignore
109 silly gunzTarPerm modified mode [ '.npmignore', 438, 420 ]
110 silly gunzTarPerm extractEntry README.md
111 silly gunzTarPerm modified mode [ 'README.md', 438, 420 ]
112 silly gunzTarPerm extractEntry stable.js
113 silly gunzTarPerm modified mode [ 'stable.js', 438, 420 ]
114 silly gunzTarPerm extractEntry test.js
115 silly gunzTarPerm modified mode [ 'test.js', 438, 420 ]
116 silly gunzTarPerm extractEntry .travis.yml
117 silly gunzTarPerm modified mode [ '.travis.yml', 438, 420 ]
118 silly gunzTarPerm extractEntry bower.json
119 silly gunzTarPerm modified mode [ 'bower.json', 438, 420 ]
120 silly lockFile e6dd351f-g-npm-cache-stable-0-1-5-package tar://C:\Users\vikas\AppData\Roaming\npm-cache\stable\0.1.5\package
121 silly lockFile e6dd351f-g-npm-cache-stable-0-1-5-package tar://C:\Users\vikas\AppData\Roaming\npm-cache\stable\0.1.5\package
122 silly lockFile 514cefed-m-cache-stable-0-1-5-package-tgz tar://C:\Users\vikas\AppData\Roaming\npm-cache\stable\0.1.5\package.tgz
123 silly lockFile 514cefed-m-cache-stable-0-1-5-package-tgz tar://C:\Users\vikas\AppData\Roaming\npm-cache\stable\0.1.5\package.tgz
124 verbose chmod C:\Users\vikas\AppData\Roaming\npm-cache\stable\0.1.5\package.tgz 644
125 silly chown skipping for windows C:\Users\vikas\AppData\Roaming\npm-cache\stable\0.1.5\package.tgz
126 silly lockFile a2bd221b-pmjs-org-stable-stable-0-1-5-tgz https://registry.npmjs.org/stable/-/stable-0.1.5.tgz
127 silly lockFile a2bd221b-pmjs-org-stable-stable-0-1-5-tgz https://registry.npmjs.org/stable/-/stable-0.1.5.tgz
128 silly lockFile 2b1b203e-stable-0-1-5 stable@0.1.5
129 silly lockFile 2b1b203e-stable-0-1-5 stable@0.1.5
130 silly lockFile 026aa5b0-stable stable@
131 silly lockFile 026aa5b0-stable stable@
132 silly resolved [ { name: 'n',
132 silly resolved     description: 'node version manager',
132 silly resolved     version: '2.0.2',
132 silly resolved     author: { name: 'TJ Holowaychuk', email: 'tj@vision-media.ca' },
132 silly resolved     homepage: 'https://github.com/tj/n',
132 silly resolved     bugs: { url: 'https://github.com/tj/n/issues' },
132 silly resolved     contributors: [ [Object] ],
132 silly resolved     keywords:
132 silly resolved      [ 'nvm',
132 silly resolved        'node',
132 silly resolved        'version',
132 silly resolved        'manager',
132 silly resolved        'switcher',
132 silly resolved        'node',
132 silly resolved        'binary',
132 silly resolved        'env' ],
132 silly resolved     bin: { n: './bin/n' },
132 silly resolved     repository: { type: 'git', url: 'git://github.com/tj/n.git' },
132 silly resolved     preferGlobal: true,
132 silly resolved     os: [ '!win32' ],
132 silly resolved     engines: { node: '*' },
132 silly resolved     license: 'MIT',
132 silly resolved     readme: '# n\n\n[![Join the chat at https://gitter.im/tj/n](https://badges.gitter.im/Join%20Chat.svg)](https://gitter.im/tj/n?utm_source=badge&utm_medium=badge&utm_campaign=pr-badge&utm_content=badge)\n\nSimple flavour of node/iojs binary management, no subshells, no profile setup, no convoluted api, just _simple_.\n\n*Note: Does not work on Windows at the moment. Pull Requests are appreciated.*   \n*If you are searching for the latest version below 2.x.x, check out the branch "1.x.x"*\n\n ![](https://i.cloudup.com/59cA8VEDae.gif)\n\n## Installation\n\nWith node/iojs already installed:\n\n    $ npm install -g n\n\nor, by cloning this repo and running:\n\n    $ make install\n\nto install `n` to subdirectory `bin/n` of the directory specified in environment variable `PREFIX`, which defaults to `/usr/local` (note that you will likely need `sudo` to install there).  \nTo change the default to, say, `$HOME`, i.e., to install `n` to `$HOME/bin/n`, run `PREFIX=$HOME make install`.  \n\nOnce installed, `n` downloads node/iojs versions to subdirectory `n/versions` of the directory specified in environment variable `N_PREFIX`, which defaults to `/usr/local`; the _active_ node/iojs version is installed directly in `N_PREFIX`.  \nTo change the default to, say, `$HOME`, prefix later calls to `n` with `N_PREFIX=$HOME ` or add `export N_PREFIX=$HOME` to your shell initialization file.\n\nAlternatively, consider third-party installer [n-install](https://github.com/mklement0/n-install), which allows installation directly from GitHub; for instance,\n\n    curl -L http://git.io/n-install | bash\n\nsets both `PREFIX` and `N_PREFIX` to `$HOME/n`, installs `n` to `$HOME/n/bin`, modifies the initialization files of supported shells to export `N_PREFIX` and add `$HOME/n/bin` to the `PATH`, and installs the latest stable node version.  \nAs a result, both `n` itself and all node/iojs versions it manages are hosted inside a single, optionally configurable directory, which you can later remove with the included `n-uninstall` script; script `n-update` updates `n` itself to the latest version - see the [n-install repo](https://github.com/mklement0/n-install) for details.\n\n### Installing Binaries\n\nInstall a few nodes:\n\n    $ n 0.8.14\n    $ n 0.8.17\n    $ n 0.9.6\n\nType `n` to prompt selection of an installed node. Use the up /\ndown arrow to navigate, and press enter or the right arrow to\nselect, or ^C to cancel:\n\n    $ n\n\n      0.8.14\n    ο 0.8.17\n      0.9.6\n\nUse or install the latest official release:\n\n    $ n latest\n\nUse or install the stable official release:\n\n    $ n stable\n\n### Removing Binaries\n\nRemove some versions:\n\n    $ n rm 0.9.4 v0.10.0\n\nInstead of using `rm` we can simply use `-`:\n\n    $ n - 0.9.4\n\n### Binary Usage\n\nWhen running multiple versions of node, we can target\nthem directly by asking `n` for the binary path:\n\n    $ n bin 0.9.4\n    /usr/local/n/versions/0.9.4/bin/node\n\nOr by using a specific version through `n`\'s `use` sub-command:\n\n    $ n use 0.9.4 some.js\n\nwith flags:\n\n    $ n as 0.9.4 --debug some.js\n\n### Different Architectures\n\nBy default `n` picks the binaries matching your system architecture, e.g. `n` will download 64 bit binaries for a 64 bit system. You can override this by using the `-a` or `--arch` option.\n\nDownload and use latest 32 bit version of node:\n\n    $ n --arch x86 latest\n\nDownload and use latest 32 bit version of iojs:\n\n    $ n io --arch x86 latest\n\n\n## Usage\n\n Output from `n --help`:\n\n    Usage: n [options/env] [COMMAND] [args]\n\n    Environments:\n     n [COMMAND] [args]            Uses default env (node)\n     n io [COMMAND]                Sets env as io\n\n    Commands:\n\n      n                              Output versions installed\n      n latest                       Install or activate the latest node release\n      n -a x86 latest                As above but force 32 bit architecture\n      n stable                       Install or activate the latest stable node release\n      n <version>                    Install node <version>\n      n use <version> [args ...]     Execute node <version> with [args ...]\n      n bin <version>                Output bin path for <version>\n      n rm <version ...>             Remove the given version(s)\n      n --latest                     Output the latest node version available\n      n --stable                     Output the latest stable node version available\n      n ls                           Output the versions of node available\n\n    (iojs):\n\n      n io latest                    Install or activate the latest iojs release\n      n io -a x86 latest             As above but force 32 bit architecture\n      n io <version>                 Install iojs <version>\n      n io use <version> [args ...]  Execute iojs <version> with [args ...]\n      n io bin <version>             Output bin path for <version>\n      n io rm <version ...>          Remove the given version(s)\n      n io --latest                  Output the latest iojs version available\n      n io ls                        Output the versions of iojs available\n\n    Options:\n\n      -V, --version   Output current version of n\n      -h, --help      Display help information\n      -q, --quiet     Disable curl output (if available)\n      -d, --download  Download only\n      -a, --arch      Override system architecture\n\n    Aliases:\n\n      which   bin\n      use     as\n      list    ls\n      -       rm\n\n## Details\n\n `n` by default installs node to _/usr/local/n/versions_, from\n which it can see what you have currently installed, and activate previously installed versions of node when `n <version>` is invoked again.\n\n Activated nodes are then installed to the prefix _/usr/local_, which of course may be altered via the __N_PREFIX__ environment variable.\n\n To alter where `n` operates simply export __N_PREFIX__ to whatever you prefer.\n\n## License\n\n(The MIT License)\n\nCopyright (c) 2014 TJ Holowaychuk &lt;tj@vision-media.ca&gt;\n\nPermission is hereby granted, free of charge, to any person obtaining\na copy of this software and associated documentation files (the\n\'Software\'), to deal in the Software without restriction, including\nwithout limitation the rights to use, copy, modify, merge, publish,\ndistribute, sublicense, and/or sell copies of the Software, and to\npermit persons to whom the Software is furnished to do so, subject to\nthe following conditions:\n\nThe above copyright notice and this permission notice shall be\nincluded in all copies or substantial portions of the Software.\n\nTHE SOFTWARE IS PROVIDED \'AS IS\', WITHOUT WARRANTY OF ANY KIND,\nEXPRESS OR IMPLIED, INCLUDING BUT NOT LIMITED TO THE WARRANTIES OF\nMERCHANTABILITY, FITNESS FOR A PARTICULAR PURPOSE AND NONINFRINGEMENT.\nIN NO EVENT SHALL THE AUTHORS OR COPYRIGHT HOLDERS BE LIABLE FOR ANY\nCLAIM, DAMAGES OR OTHER LIABILITY, WHETHER IN AN ACTION OF CONTRACT,\nTORT OR OTHERWISE, ARISING FROM, OUT OF OR IN CONNECTION WITH THE\nSOFTWARE OR THE USE OR OTHER DEALINGS IN THE SOFTWARE.\n',
132 silly resolved     readmeFilename: 'Readme.md',
132 silly resolved     _id: 'n@2.0.2',
132 silly resolved     _from: 'n@' },
132 silly resolved   { name: 'stable',
132 silly resolved     version: '0.1.5',
132 silly resolved     keywords: [ 'stable', 'array', 'sort' ],
132 silly resolved     description: 'A stable array sort for JavaScript',
132 silly resolved     repository: { type: 'git', url: 'https://github.com/Two-Screen/stable.git' },
132 silly resolved     main: './stable.js',
132 silly resolved     devDependencies: { tape: '2', 'uglify-js': '2' },
132 silly resolved     scripts:
132 silly resolved      { test: 'node ./test.js',
132 silly resolved        minify: 'uglifyjs --comments \'/^!/\' -c -m -o ./stable.min.js ./stable.js' },
132 silly resolved     testling: { files: './test.js', browsers: [Object] },
132 silly resolved     author: { name: 'Angry Bytes', email: 'info@angrybytes.com' },
132 silly resolved     contributors: [ [Object], [Object], [Object] ],
132 silly resolved     license: 'MIT',
132 silly resolved     readme: '## Stable\n\nA stable array sort, because `Array#sort()` is not guaranteed stable.\n\nMIT licensed.\n\n[![Node.js CI](https://secure.travis-ci.org/Two-Screen/stable.png)](http://travis-ci.org/Two-Screen/stable)\n\n[![Browser CI](http://ci.testling.com/Two-Screen/stable.png)](http://ci.testling.com/Two-Screen/stable)\n\n#### From the browser\n\nInclude [`stable.js`] or the minified version [`stable.min.js`]\nin your page, then call `stable()`.\n\n [`stable.js`]: https://raw.github.com/Two-Screen/stable/master/stable.js\n [`stable.min.js`]: https://raw.github.com/Two-Screen/stable/master/stable.min.js\n\n#### From Node.js\n\nInstall using NPM:\n\n    npm install stable\n\nRequire in your code:\n\n    var stable = require("stable");\n\n#### Usage\n\nThe default sort is, as with `Array#sort`, lexicographical:\n\n    stable(["foo", "bar", "baz"]);   // => ["bar", "baz", "foo"]\n    stable([10, 1, 5]);              // => [1, 10, 5]\n\nUnlike `Array#sort`, the default sort is **NOT** in-place. To do an in-place\nsort, use `stable.inplace`, which otherwise works the same:\n\n    var arr = [10, 1, 5];\n    stable(arr) === arr;            // => false\n    stable.inplace(arr) === arr;    // => true\n\nA comparator function can be specified:\n\n    // Regular sort() compatible comparator, that returns a number.\n    // This demonstrates the default behavior.\n    function lexCmp(a, b) {\n        return String(a).localeCompare(b);\n    }\n    stable(["foo", "bar", "baz"], lexCmp);   // => ["bar", "baz", "foo"]\n\n    // Boolean comparator. Sorts `b` before `a` if true.\n    // This demonstrates a simple way to sort numerically.\n    function greaterThan(a, b) {\n        return a > b;\n    }\n    stable([10, 1, 5], greaterThan);  // -> [1, 5, 10]\n\n#### License\n\nCopyright (C) 2014 Angry Bytes and contributors.\n\nPermission is hereby granted, free of charge, to any person obtaining a copy of\nthis software and associated documentation files (the "Software"), to deal in\nthe Software without restriction, including without limitation the rights to\nuse, copy, modify, merge, publish, distribute, sublicense, and/or sell copies\nof the Software, and to permit persons to whom the Software is furnished to do\nso, subject to the following conditions:\n\nThe above copyright notice and this permission notice shall be included in all\ncopies or substantial portions of the Software.\n\nTHE SOFTWARE IS PROVIDED "AS IS", WITHOUT WARRANTY OF ANY KIND, EXPRESS OR\nIMPLIED, INCLUDING BUT NOT LIMITED TO THE WARRANTIES OF MERCHANTABILITY,\nFITNESS FOR A PARTICULAR PURPOSE AND NONINFRINGEMENT. IN NO EVENT SHALL THE\nAUTHORS OR COPYRIGHT HOLDERS BE LIABLE FOR ANY CLAIM, DAMAGES OR OTHER\nLIABILITY, WHETHER IN AN ACTION OF CONTRACT, TORT OR OTHERWISE, ARISING FROM,\nOUT OF OR IN CONNECTION WITH THE SOFTWARE OR THE USE OR OTHER DEALINGS IN THE\nSOFTWARE.\n',
132 silly resolved     readmeFilename: 'README.md',
132 silly resolved     bugs: { url: 'https://github.com/Two-Screen/stable/issues' },
132 silly resolved     homepage: 'https://github.com/Two-Screen/stable',
132 silly resolved     _id: 'stable@0.1.5',
132 silly resolved     dist: { shasum: '9356ec97b8ad7e1b5ec9d31f0f8e072f45eb0713' },
132 silly resolved     _from: 'stable@',
132 silly resolved     _resolved: 'https://registry.npmjs.org/stable/-/stable-0.1.5.tgz' } ]
133 info install n@2.0.2 into C:\Users\vikas\AppData\Roaming\npm
134 info install stable@0.1.5 into C:\Users\vikas\AppData\Roaming\npm
135 info installOne n@2.0.2
136 error notsup Unsupported
136 error notsup Not compatible with your operating system or architecture: n@2.0.2
136 error notsup Valid OS:    !win32
136 error notsup Valid Arch:  any
136 error notsup Actual OS:   win32
136 error notsup Actual Arch: x64
137 error System Windows_NT 6.2.9200
138 error command "C:\\Program Files\\nodejs\\\\node.exe" "C:\\Program Files\\nodejs\\node_modules\\npm\\bin\\npm-cli.js" "install" "-g" "n" "stable"
139 error cwd C:\repos\eriyaz-web\server
140 error node -v v0.10.23
141 error npm -v 1.3.17
142 error code EBADPLATFORM
143 verbose exit [ 1, true ]
